<?xml version='1.0' encoding='UTF-8'?>
<testsuite hostname="niels-Lenovo" name="de.thm.mni.microservices.gruppe6.RunScenarios" tests="1" errors="0" failures="0" skipped="0" time="2917.353" timestamp="2021-08-04T18:16:13">
          <properties>
[...]
</properties>
          <testcase classname="de.thm.mni.microservices.gruppe6.RunScenarios" name="" time="2917.353">
                      
                    </testcase>
          <system-out><![CDATA[]]></system-out>
          <system-err><![CDATA[]]></system-err>
        </testsuite>